Diagnose log at 2022-07-26T13:02:23Z

Executable: C:\Program Files\Git\mingw64\bin\git-credential-manager-core.exe
Version: 2.0.785+6074e4e3d3

------------
Diagnostic: Environment
Skipped: False
Success: True
Exception: None
Log:
OSType: Windows
OSVersion: 10.0 (build 22000)
Reading environment variables... OK
 Variables:
HOMEPATH=\Users\BrianStephens
DriverData=C:\Windows\System32\Drivers\DriverData
COMPUTERNAME=CONCEPTUM
APPLICATION_INSIGHTS_NO_DIAGNOSTIC_CHANNEL=true
CommonProgramFiles(x86)=C:\Program Files (x86)\Common Files
OneDrive=C:\Users\BrianStephens\OneDrive - The Side Gig
ChocolateyLastPathUpdate=133002096964945452
WT_PROFILE_ID={574e775e-4f2a-5b96-ac1e-a2962a402336}
WT_SESSION=6d93ba14-3176-4982-96b4-522b47eb4b20
MOZ_PLUGIN_PATH=C:\Program Files (x86)\Foxit Software\Foxit PDF Reader\plugins\
PROCESSOR_REVISION=9a03
PATHEXT=.COM;.EXE;.BAT;.CMD;.VBS;.VBE;.JS;.JSE;.WSF;.WSH;.MSC;.CPL
GIT_ASKPASS=c:\Program Files\Microsoft VS Code\resources\app\extensions\git\dist\askpass.sh
POWERSHELL_DISTRIBUTION_CHANNEL=MSI:Windows 10 Enterprise
TEMP=C:\Users\BRIANS~1\AppData\Local\Temp
LOCALAPPDATA=C:\Users\BrianStephens\AppData\Local
MSYSTEM=MINGW64
TERM=xterm-256color
PROCESSOR_IDENTIFIER=Intel64 Family 6 Model 154 Stepping 3, GenuineIntel
COLORTERM=truecolor
USERDOMAIN=AzureAD
ProgramFiles(x86)=C:\Program Files (x86)
Path=C:/Program Files/Git/mingw64/libexec/git-core;C:\Program Files\Git\mingw64\bin;C:\Program Files\Git\usr\bin;C:\Users\BrianStephens\bin;C:\Program Files\PowerShell\7;C:\Windows\system32;C:\Windows;C:\Windows\System32\Wbem;C:\Windows\System32\WindowsPowerShell\v1.0\;C:\Windows\System32\OpenSSH\;C:\Program Files (x86)\NVIDIA Corporation\PhysX\Common;C:\Program Files\NVIDIA Corporation\NVIDIA NvDLISR;C:\ProgramData\chocolatey\bin;C:\Program Files\dotnet\;C:\Program Files\Microsoft VS Code\bin;C:\Program Files\PowerShell\7\;C:\Program Files\Git\cmd;C:\Users\BrianStephens\AppData\Local\Microsoft\WindowsApps
TERM_PROGRAM=vscode
PROCESSOR_LEVEL=6
NUMBER_OF_PROCESSORS=20
TMPDIR=C:\Users\BRIANS~1\AppData\Local\Temp
VSCODE_GIT_ASKPASS_EXTRA_ARGS=--ms-enable-electron-run-as-node
PROMPT=$P$G
TERM_PROGRAM_VERSION=1.69.2
VSCODE_GIT_ASKPASS_MAIN=c:\Program Files\Microsoft VS Code\resources\app\extensions\git\dist\askpass-main.js
PSModulePath=C:\Users\BrianStephens\Documents\PowerShell\Modules;C:\Program Files\PowerShell\Modules;c:\program files\powershell\7\Modules;C:\Program Files\WindowsPowerShell\Modules;C:\Windows\system32\WindowsPowerShell\v1.0\Modules
PUBLIC=C:\Users\Public
VSCODE_GIT_IPC_HANDLE=\\.\pipe\vscode-git-e6399ce851-sock
CommonProgramFiles=C:\Program Files (x86)\Common Files
TMP=C:\Users\BRIANS~1\AppData\Local\Temp
WSLENV=WT_SESSION::WT_PROFILE_ID
CHROME_CRASHPAD_PIPE_NAME=\\.\pipe\crashpad_15660_GYCTOILPBYGJJLBJ
ProgramFiles=C:\Program Files (x86)
ProgramData=C:\ProgramData
ProgramW6432=C:\Program Files
ChocolateyInstall=C:\ProgramData\chocolatey
PLINK_PROTOCOL=ssh
VSCODE_GIT_ASKPASS_NODE=C:\Program Files\Microsoft VS Code\Code.exe
SystemRoot=C:\Windows
ORIGINAL_XDG_CURRENT_DESKTOP=undefined
__COMPAT_LAYER=DetectorsAppHealth Installer
HOME=C:\Users\BrianStephens
CommonProgramW6432=C:\Program Files\Common Files
ZES_ENABLE_SYSMAN=1
LOGONSERVER=\\CONCEPTUM
GIT_EXEC_PATH=C:/Program Files/Git/mingw64/libexec/git-core
USERDOMAIN_ROAMINGPROFILE=AzureAD
APPDATA=C:\Users\BrianStephens\AppData\Roaming
HOMEDRIVE=C:
OneDriveCommercial=C:\Users\BrianStephens\OneDrive - The Side Gig
USERNAME=BrianStephens
PROCESSOR_ARCHITEW6432=AMD64
PROCESSOR_ARCHITECTURE=x86
USERPROFILE=C:\Users\BrianStephens
OS=Windows_NT
ComSpec=C:\Windows\system32\cmd.exe
SystemDrive=C:
windir=C:\Windows
LANG=en_US.UTF-8
ALLUSERSPROFILE=C:\ProgramData


------------
Diagnostic: File system
Skipped: False
Success: True
Exception: None
Log:
Temporary directory is 'C:\Users\BrianStephens\AppData\Local\Temp\'...
Checking basic file I/O...
Writing to temporary file 'C:\Users\BrianStephens\AppData\Local\Temp\e8df4884bae5b14dff646a4b'... OK
Reading from temporary file 'C:\Users\BrianStephens\AppData\Local\Temp\e8df4884bae5b14dff646a4b'... OK
Deleting temporary file 'C:\Users\BrianStephens\AppData\Local\Temp\e8df4884bae5b14dff646a4b'... OK
Testing IFileSystem instance...
UserHomePath: C:\Users\BrianStephens
UserDataDirectoryPath: C:\Users\BrianStephens\.gcm
GetCurrentDirectory(): C:\sidegig-arm-learning

------------
Diagnostic: Networking
Skipped: False
Success: True
Exception: None
Log:
Checking basic networking and HTTP stack...
Creating HTTP client... OK
IsNetworkAvailable: True
Sending HEAD request to http://example.com... OK
Sending HEAD request to https://example.com... OK
Acquiring free TCP port... OK
Testing local HTTP loopback connections...
Creating new HTTP listener for http://localhost:56274/... OK
Waiting for loopback connection... OK
Writing response... OK
Waiting for response data... OK
Loopback connection data OK
Testing with IHttpClientFactory created HTTP client...
Creating HTTP client... OK
IsNetworkAvailable: True
Sending HEAD request to http://example.com... OK
Sending HEAD request to https://example.com... OK
Acquiring free TCP port... OK
Testing local HTTP loopback connections...
Creating new HTTP listener for http://localhost:56276/... OK
Waiting for loopback connection... OK
Writing response... OK
Waiting for response data... OK
Loopback connection data OK

------------
Diagnostic: Git
Skipped: False
Success: True
Exception: None
Log:
Getting Git version... OK
Git version is '2.37.1.windows.1'
Locating current repository... OK
Git repository at 'C:/sidegig-arm-learning/.git'
Listing all Git configuration... OK
Git configuration:
file:C:/Program Files/Git/etc/gitconfig	diff.astextplain.textconv=astextplain
file:C:/Program Files/Git/etc/gitconfig	filter.lfs.clean=git-lfs clean -- %f
file:C:/Program Files/Git/etc/gitconfig	filter.lfs.smudge=git-lfs smudge -- %f
file:C:/Program Files/Git/etc/gitconfig	filter.lfs.process=git-lfs filter-process
file:C:/Program Files/Git/etc/gitconfig	filter.lfs.required=true
file:C:/Program Files/Git/etc/gitconfig	http.sslbackend=openssl
file:C:/Program Files/Git/etc/gitconfig	http.sslcainfo=C:/Program Files/Git/mingw64/ssl/certs/ca-bundle.crt
file:C:/Program Files/Git/etc/gitconfig	core.autocrlf=true
file:C:/Program Files/Git/etc/gitconfig	core.fscache=true
file:C:/Program Files/Git/etc/gitconfig	core.symlinks=false
file:C:/Program Files/Git/etc/gitconfig	pull.rebase=false
file:C:/Program Files/Git/etc/gitconfig	credential.helper=manager-core
file:C:/Program Files/Git/etc/gitconfig	credential.https://dev.azure.com.usehttppath=true
file:C:/Program Files/Git/etc/gitconfig	init.defaultbranch=master
file:C:/Users/BrianStephens/.gitconfig	user.name=The Side Gig
file:C:/Users/BrianStephens/.gitconfig	user.email=trade@thesidegig.co.uk
file:C:/Users/BrianStephens/.gitconfig	safe.directory=C:/sidegig-arm-learning
file:C:/Users/BrianStephens/.gitconfig	credential.helper=
file:C:/Users/BrianStephens/.gitconfig	credential.helper=C:/Program\ Files/Git/mingw64/bin/git-credential-manager-core.exe
file:.git/config	core.repositoryformatversion=0
file:.git/config	core.filemode=false
file:.git/config	core.bare=false
file:.git/config	core.logallrefupdates=true
file:.git/config	core.symlinks=false
file:.git/config	core.ignorecase=true
file:.git/config	remote.origin.url=https://github.com/thesidegig/sidegig-arm-learning.git
file:.git/config	remote.origin.fetch=+refs/heads/*:refs/remotes/origin/*
file:.git/config	branch.main.remote=origin
file:.git/config	branch.main.merge=refs/heads/main


------------
Diagnostic: Credential storage
Skipped: False
Success: True
Exception: None
Log:
ICredentialStore instance is of type: CredentialStore
Writing test credential... OK
Reading test credential... OK
Deleting test credential... OK

------------
Diagnostic: Microsoft authentication (AAD/MSA)
Skipped: False
Success: True
Exception: None
Log:
Broker not supported.
Flow type is: Auto
Gathering MSAL token cache data... OK
CacheDirectory: C:\Users\BrianStephens\AppData\Local\.IdentityService
CacheFileName: msal.cache
CacheFilePath: C:\Users\BrianStephens\AppData\Local\.IdentityService\msal.cache
Creating cache helper... OK
Verifying MSAL token cache persistence... OK

------------
Diagnostic: GitHub API
Skipped: False
Success: True
Exception: None
Log:
Using 'https://github.com/' as API target.
Querying '/meta' endpoint... OK

